==10383== Memcheck, a memory error detector
==10383== Copyright (C) 2002-2017, and GNU GPL'd, by Julian Seward et al.
==10383== Using Valgrind-3.18.1 and LibVEX; rerun with -h for copyright info
==10383== Command: ./cub3d maps/map.cub
==10383== Parent PID: 4218
==10383== 
==10383== Invalid read of size 1
==10383==    at 0x10B2C6: parse_color (parsing.c:73)
==10383==    by 0x10B360: get_color (parsing.c:112)
==10383==    by 0x10B71D: read_map (parsing.c:192)
==10383==    by 0x10AB27: main (main.c:96)
==10383==  Address 0x4d87c53 is 0 bytes after a block of size 19 alloc'd
==10383==    at 0x4848899: malloc (in /usr/libexec/valgrind/vgpreload_memcheck-amd64-linux.so)
==10383==    by 0x10D0EE: ft_strtrim (in /home/mmaksimo/42/cub3d/cub3d)
==10383==    by 0x10B4F9: read_map (parsing.c:156)
==10383==    by 0x10AB27: main (main.c:96)
==10383== 
{
   <insert_a_suppression_name_here>
   Memcheck:Addr1
   fun:parse_color
   fun:get_color
   fun:read_map
   fun:main
}
==10383== Invalid read of size 1
==10383==    at 0x10B2C6: parse_color (parsing.c:73)
==10383==    by 0x10B360: get_color (parsing.c:112)
==10383==    by 0x10B6CA: read_map (parsing.c:186)
==10383==    by 0x10AB27: main (main.c:96)
==10383==  Address 0x4d87e53 is 0 bytes after a block of size 19 alloc'd
==10383==    at 0x4848899: malloc (in /usr/libexec/valgrind/vgpreload_memcheck-amd64-linux.so)
==10383==    by 0x10D0EE: ft_strtrim (in /home/mmaksimo/42/cub3d/cub3d)
==10383==    by 0x10B4F9: read_map (parsing.c:156)
==10383==    by 0x10AB27: main (main.c:96)
==10383== 
{
   <insert_a_suppression_name_here>
   Memcheck:Addr1
   fun:parse_color
   fun:get_color
   fun:read_map
   fun:main
}
==10383== Invalid write of size 8
==10383==    at 0x10BA7A: read_map (parsing.c:274)
==10383==    by 0x10AB27: main (main.c:96)
==10383==  Address 0x4d89690 is 112 bytes inside a block of size 113 alloc'd
==10383==    at 0x4848899: malloc (in /usr/libexec/valgrind/vgpreload_memcheck-amd64-linux.so)
==10383==    by 0x10B85A: read_map (parsing.c:221)
==10383==    by 0x10AB27: main (main.c:96)
==10383== 
{
   <insert_a_suppression_name_here>
   Memcheck:Addr8
   fun:read_map
   fun:main
}
==10383== Invalid read of size 1
==10383==    at 0x10BBC9: read_map (parsing.c:303)
==10383==    by 0x10AB27: main (main.c:96)
==10383==  Address 0x4d8ae3f is 1 bytes before a block of size 34 alloc'd
==10383==    at 0x4848899: malloc (in /usr/libexec/valgrind/vgpreload_memcheck-amd64-linux.so)
==10383==    by 0x10CE7E: ft_strdup (in /home/mmaksimo/42/cub3d/cub3d)
==10383==    by 0x10BA03: read_map (parsing.c:264)
==10383==    by 0x10AB27: main (main.c:96)
==10383== 
{
   <insert_a_suppression_name_here>
   Memcheck:Addr1
   fun:read_map
   fun:main
}
==10383== Invalid read of size 1
==10383==    at 0x10BBFA: read_map (parsing.c:303)
==10383==    by 0x10AB27: main (main.c:96)
==10383==  Address 0x4d8b24e is 0 bytes after a block of size 30 alloc'd
==10383==    at 0x4848899: malloc (in /usr/libexec/valgrind/vgpreload_memcheck-amd64-linux.so)
==10383==    by 0x10CE7E: ft_strdup (in /home/mmaksimo/42/cub3d/cub3d)
==10383==    by 0x10BA03: read_map (parsing.c:264)
==10383==    by 0x10AB27: main (main.c:96)
==10383== 
{
   <insert_a_suppression_name_here>
   Memcheck:Addr1
   fun:read_map
   fun:main
}
==10383== Invalid read of size 1
==10383==    at 0x10BC2B: read_map (parsing.c:304)
==10383==    by 0x10AB27: main (main.c:96)
==10383==  Address 0x4d8b24e is 0 bytes after a block of size 30 alloc'd
==10383==    at 0x4848899: malloc (in /usr/libexec/valgrind/vgpreload_memcheck-amd64-linux.so)
==10383==    by 0x10CE7E: ft_strdup (in /home/mmaksimo/42/cub3d/cub3d)
==10383==    by 0x10BA03: read_map (parsing.c:264)
==10383==    by 0x10AB27: main (main.c:96)
==10383== 
{
   <insert_a_suppression_name_here>
   Memcheck:Addr1
   fun:read_map
   fun:main
}
==10383== Invalid read of size 8
==10383==    at 0x40286A8: strncmp (strcmp.S:172)
==10383==    by 0x400668D: is_dst (dl-load.c:216)
==10383==    by 0x400810E: _dl_dst_count (dl-load.c:253)
==10383==    by 0x400810E: expand_dynamic_string_token (dl-load.c:395)
==10383==    by 0x40082B7: fillin_rpath.isra.0 (dl-load.c:483)
==10383==    by 0x4008602: decompose_rpath (dl-load.c:654)
==10383==    by 0x400ABF5: cache_rpath (dl-load.c:696)
==10383==    by 0x400ABF5: cache_rpath (dl-load.c:677)
==10383==    by 0x400ABF5: _dl_map_object (dl-load.c:2165)
==10383==    by 0x4003494: openaux (dl-deps.c:64)
==10383==    by 0x4B2EA97: _dl_catch_exception (dl-error-skeleton.c:208)
==10383==    by 0x4003C7B: _dl_map_object_deps (dl-deps.c:248)
==10383==    by 0x400EA0E: dl_open_worker_begin (dl-open.c:592)
==10383==    by 0x4B2EA97: _dl_catch_exception (dl-error-skeleton.c:208)
==10383==    by 0x400DF99: dl_open_worker (dl-open.c:782)
==10383==  Address 0x4ec7319 is 9 bytes inside a block of size 15 alloc'd
==10383==    at 0x4848899: malloc (in /usr/libexec/valgrind/vgpreload_memcheck-amd64-linux.so)
==10383==    by 0x40271DF: malloc (rtld-malloc.h:56)
==10383==    by 0x40271DF: strdup (strdup.c:42)
==10383==    by 0x4008594: decompose_rpath (dl-load.c:629)
==10383==    by 0x400ABF5: cache_rpath (dl-load.c:696)
==10383==    by 0x400ABF5: cache_rpath (dl-load.c:677)
==10383==    by 0x400ABF5: _dl_map_object (dl-load.c:2165)
==10383==    by 0x4003494: openaux (dl-deps.c:64)
==10383==    by 0x4B2EA97: _dl_catch_exception (dl-error-skeleton.c:208)
==10383==    by 0x4003C7B: _dl_map_object_deps (dl-deps.c:248)
==10383==    by 0x400EA0E: dl_open_worker_begin (dl-open.c:592)
==10383==    by 0x4B2EA97: _dl_catch_exception (dl-error-skeleton.c:208)
==10383==    by 0x400DF99: dl_open_worker (dl-open.c:782)
==10383==    by 0x4B2EA97: _dl_catch_exception (dl-error-skeleton.c:208)
==10383==    by 0x400E34D: _dl_open (dl-open.c:883)
==10383== 
{
   <insert_a_suppression_name_here>
   Memcheck:Addr8
   fun:strncmp
   fun:is_dst
   fun:_dl_dst_count
   fun:expand_dynamic_string_token
   fun:fillin_rpath.isra.0
   fun:decompose_rpath
   fun:cache_rpath
   fun:cache_rpath
   fun:_dl_map_object
   fun:openaux
   fun:_dl_catch_exception
   fun:_dl_map_object_deps
   fun:dl_open_worker_begin
   fun:_dl_catch_exception
   fun:dl_open_worker
}
==10383== Invalid read of size 8
==10383==    at 0x40286A8: strncmp (strcmp.S:172)
==10383==    by 0x400668D: is_dst (dl-load.c:216)
==10383==    by 0x4007F79: _dl_dst_substitute (dl-load.c:295)
==10383==    by 0x40082B7: fillin_rpath.isra.0 (dl-load.c:483)
==10383==    by 0x4008602: decompose_rpath (dl-load.c:654)
==10383==    by 0x400ABF5: cache_rpath (dl-load.c:696)
==10383==    by 0x400ABF5: cache_rpath (dl-load.c:677)
==10383==    by 0x400ABF5: _dl_map_object (dl-load.c:2165)
==10383==    by 0x4003494: openaux (dl-deps.c:64)
==10383==    by 0x4B2EA97: _dl_catch_exception (dl-error-skeleton.c:208)
==10383==    by 0x4003C7B: _dl_map_object_deps (dl-deps.c:248)
==10383==    by 0x400EA0E: dl_open_worker_begin (dl-open.c:592)
==10383==    by 0x4B2EA97: _dl_catch_exception (dl-error-skeleton.c:208)
==10383==    by 0x400DF99: dl_open_worker (dl-open.c:782)
==10383==  Address 0x4ec7319 is 9 bytes inside a block of size 15 alloc'd
==10383==    at 0x4848899: malloc (in /usr/libexec/valgrind/vgpreload_memcheck-amd64-linux.so)
==10383==    by 0x40271DF: malloc (rtld-malloc.h:56)
==10383==    by 0x40271DF: strdup (strdup.c:42)
==10383==    by 0x4008594: decompose_rpath (dl-load.c:629)
==10383==    by 0x400ABF5: cache_rpath (dl-load.c:696)
==10383==    by 0x400ABF5: cache_rpath (dl-load.c:677)
==10383==    by 0x400ABF5: _dl_map_object (dl-load.c:2165)
==10383==    by 0x4003494: openaux (dl-deps.c:64)
==10383==    by 0x4B2EA97: _dl_catch_exception (dl-error-skeleton.c:208)
==10383==    by 0x4003C7B: _dl_map_object_deps (dl-deps.c:248)
==10383==    by 0x400EA0E: dl_open_worker_begin (dl-open.c:592)
==10383==    by 0x4B2EA97: _dl_catch_exception (dl-error-skeleton.c:208)
==10383==    by 0x400DF99: dl_open_worker (dl-open.c:782)
==10383==    by 0x4B2EA97: _dl_catch_exception (dl-error-skeleton.c:208)
==10383==    by 0x400E34D: _dl_open (dl-open.c:883)
==10383== 
{
   <insert_a_suppression_name_here>
   Memcheck:Addr8
   fun:strncmp
   fun:is_dst
   fun:_dl_dst_substitute
   fun:fillin_rpath.isra.0
   fun:decompose_rpath
   fun:cache_rpath
   fun:cache_rpath
   fun:_dl_map_object
   fun:openaux
   fun:_dl_catch_exception
   fun:_dl_map_object_deps
   fun:dl_open_worker_begin
   fun:_dl_catch_exception
   fun:dl_open_worker
}
==10383== 
==10383== HEAP SUMMARY:
==10383==     in use at exit: 313,815 bytes in 3,070 blocks
==10383==   total heap usage: 69,949 allocs, 66,879 frees, 29,945,601 bytes allocated
==10383== 
==10383== 0 bytes in 1 blocks are definitely lost in loss record 1 of 2,234
==10383==    at 0x4848899: malloc (in /usr/libexec/valgrind/vgpreload_memcheck-amd64-linux.so)
==10383==    by 0x4005A22: malloc (rtld-malloc.h:56)
==10383==    by 0x4005A22: _dl_find_object_update (dl-find_object.c:791)
==10383==    by 0x400ECCF: dl_open_worker_begin (dl-open.c:735)
==10383==    by 0x4B2EA97: _dl_catch_exception (dl-error-skeleton.c:208)
==10383==    by 0x400DF99: dl_open_worker (dl-open.c:782)
==10383==    by 0x4B2EA97: _dl_catch_exception (dl-error-skeleton.c:208)
==10383==    by 0x400E34D: _dl_open (dl-open.c:883)
==10383==    by 0x4A4A63B: dlopen_doit (dlopen.c:56)
==10383==    by 0x4B2EA97: _dl_catch_exception (dl-error-skeleton.c:208)
==10383==    by 0x4B2EB62: _dl_catch_error (dl-error-skeleton.c:227)
==10383==    by 0x4A4A12D: _dlerror_run (dlerror.c:138)
==10383==    by 0x4A4A6C7: dlopen_implementation (dlopen.c:71)
==10383==    by 0x4A4A6C7: dlopen@@GLIBC_2.34 (dlopen.c:81)
==10383== 
{
   <insert_a_suppression_name_here>
   Memcheck:Leak
   match-leak-kinds: definite
   fun:malloc
   fun:malloc
   fun:_dl_find_object_update
   fun:dl_open_worker_begin
   fun:_dl_catch_exception
   fun:dl_open_worker
   fun:_dl_catch_exception
   fun:_dl_open
   fun:dlopen_doit
   fun:_dl_catch_exception
   fun:_dl_catch_error
   fun:_dlerror_run
   fun:dlopen_implementation
   fun:dlopen@@GLIBC_2.34
}
==10383== 80 (16 direct, 64 indirect) bytes in 1 blocks are definitely lost in loss record 2,191 of 2,234
==10383==    at 0x4848899: malloc (in /usr/libexec/valgrind/vgpreload_memcheck-amd64-linux.so)
==10383==    by 0x60DEA8F: ??? (in /usr/lib/x86_64-linux-gnu/dri/vmwgfx_dri.so)
==10383==    by 0x64DAD31: ??? (in /usr/lib/x86_64-linux-gnu/dri/vmwgfx_dri.so)
==10383==    by 0x5C0ADD5: ??? (in /usr/lib/x86_64-linux-gnu/dri/vmwgfx_dri.so)
==10383==    by 0x5B46C19: ??? (in /usr/lib/x86_64-linux-gnu/dri/vmwgfx_dri.so)
==10383==    by 0x5B4A660: ??? (in /usr/lib/x86_64-linux-gnu/dri/vmwgfx_dri.so)
==10383==    by 0x5986338: ???
==10383==    by 0x5970120: ???
==10383==    by 0x5929A83: ???
==10383==    by 0x487DC7C: glfwCreateWindow (in /usr/lib/x86_64-linux-gnu/libglfw.so.3.3)
==10383==    by 0x10E423: mlx_init (in /home/mmaksimo/42/cub3d/cub3d)
==10383==    by 0x10AB5F: main (main.c:101)
==10383== 
{
   <insert_a_suppression_name_here>
   Memcheck:Leak
   match-leak-kinds: definite
   fun:malloc
   obj:/usr/lib/x86_64-linux-gnu/dri/vmwgfx_dri.so
   obj:/usr/lib/x86_64-linux-gnu/dri/vmwgfx_dri.so
   obj:/usr/lib/x86_64-linux-gnu/dri/vmwgfx_dri.so
   obj:/usr/lib/x86_64-linux-gnu/dri/vmwgfx_dri.so
   obj:/usr/lib/x86_64-linux-gnu/dri/vmwgfx_dri.so
   obj:*
   obj:*
   obj:*
   fun:glfwCreateWindow
   fun:mlx_init
   fun:main
}
==10383== 128 bytes in 1 blocks are possibly lost in loss record 2,197 of 2,234
==10383==    at 0x4848899: malloc (in /usr/libexec/valgrind/vgpreload_memcheck-amd64-linux.so)
==10383==    by 0x5B52D44: ??? (in /usr/lib/x86_64-linux-gnu/dri/vmwgfx_dri.so)
==10383==    by 0x5B4F457: ??? (in /usr/lib/x86_64-linux-gnu/dri/vmwgfx_dri.so)
==10383==    by 0x651D1E4: ??? (in /usr/lib/x86_64-linux-gnu/dri/vmwgfx_dri.so)
==10383==    by 0x651AFCE: ??? (in /usr/lib/x86_64-linux-gnu/dri/vmwgfx_dri.so)
==10383==    by 0x5B4012A: ??? (in /usr/lib/x86_64-linux-gnu/dri/vmwgfx_dri.so)
==10383==    by 0x61975E6: ??? (in /usr/lib/x86_64-linux-gnu/dri/vmwgfx_dri.so)
==10383==    by 0x5B41F54: ??? (in /usr/lib/x86_64-linux-gnu/dri/vmwgfx_dri.so)
==10383==    by 0x5B4A265: ??? (in /usr/lib/x86_64-linux-gnu/dri/vmwgfx_dri.so)
==10383==    by 0x59865E1: ???
==10383==    by 0x5977F80: ???
==10383==    by 0x5974ADB: ???
==10383== 
{
   <insert_a_suppression_name_here>
   Memcheck:Leak
   match-leak-kinds: possible
   fun:malloc
   obj:/usr/lib/x86_64-linux-gnu/dri/vmwgfx_dri.so
   obj:/usr/lib/x86_64-linux-gnu/dri/vmwgfx_dri.so
   obj:/usr/lib/x86_64-linux-gnu/dri/vmwgfx_dri.so
   obj:/usr/lib/x86_64-linux-gnu/dri/vmwgfx_dri.so
   obj:/usr/lib/x86_64-linux-gnu/dri/vmwgfx_dri.so
   obj:/usr/lib/x86_64-linux-gnu/dri/vmwgfx_dri.so
   obj:/usr/lib/x86_64-linux-gnu/dri/vmwgfx_dri.so
   obj:/usr/lib/x86_64-linux-gnu/dri/vmwgfx_dri.so
   obj:*
   obj:*
   obj:*
}
==10383== 176 bytes in 1 blocks are possibly lost in loss record 2,203 of 2,234
==10383==    at 0x4848899: malloc (in /usr/libexec/valgrind/vgpreload_memcheck-amd64-linux.so)
==10383==    by 0x5B52D44: ??? (in /usr/lib/x86_64-linux-gnu/dri/vmwgfx_dri.so)
==10383==    by 0x5B52F0A: ??? (in /usr/lib/x86_64-linux-gnu/dri/vmwgfx_dri.so)
==10383==    by 0x5B4F4B1: ??? (in /usr/lib/x86_64-linux-gnu/dri/vmwgfx_dri.so)
==10383==    by 0x651D1E4: ??? (in /usr/lib/x86_64-linux-gnu/dri/vmwgfx_dri.so)
==10383==    by 0x651AFCE: ??? (in /usr/lib/x86_64-linux-gnu/dri/vmwgfx_dri.so)
==10383==    by 0x5B4012A: ??? (in /usr/lib/x86_64-linux-gnu/dri/vmwgfx_dri.so)
==10383==    by 0x61975E6: ??? (in /usr/lib/x86_64-linux-gnu/dri/vmwgfx_dri.so)
==10383==    by 0x5B41F54: ??? (in /usr/lib/x86_64-linux-gnu/dri/vmwgfx_dri.so)
==10383==    by 0x5B4A265: ??? (in /usr/lib/x86_64-linux-gnu/dri/vmwgfx_dri.so)
==10383==    by 0x59865E1: ???
==10383==    by 0x5977F80: ???
==10383== 
{
   <insert_a_suppression_name_here>
   Memcheck:Leak
   match-leak-kinds: possible
   fun:malloc
   obj:/usr/lib/x86_64-linux-gnu/dri/vmwgfx_dri.so
   obj:/usr/lib/x86_64-linux-gnu/dri/vmwgfx_dri.so
   obj:/usr/lib/x86_64-linux-gnu/dri/vmwgfx_dri.so
   obj:/usr/lib/x86_64-linux-gnu/dri/vmwgfx_dri.so
   obj:/usr/lib/x86_64-linux-gnu/dri/vmwgfx_dri.so
   obj:/usr/lib/x86_64-linux-gnu/dri/vmwgfx_dri.so
   obj:/usr/lib/x86_64-linux-gnu/dri/vmwgfx_dri.so
   obj:/usr/lib/x86_64-linux-gnu/dri/vmwgfx_dri.so
   obj:/usr/lib/x86_64-linux-gnu/dri/vmwgfx_dri.so
   obj:*
   obj:*
}
==10383== LEAK SUMMARY:
==10383==    definitely lost: 16 bytes in 2 blocks
==10383==    indirectly lost: 64 bytes in 1 blocks
==10383==      possibly lost: 304 bytes in 2 blocks
==10383==    still reachable: 313,431 bytes in 3,065 blocks
==10383==         suppressed: 0 bytes in 0 blocks
==10383== Reachable blocks (those to which a pointer was found) are not shown.
==10383== To see them, rerun with: --leak-check=full --show-leak-kinds=all
==10383== 
==10383== For lists of detected and suppressed errors, rerun with: -s
==10383== ERROR SUMMARY: 24 errors from 12 contexts (suppressed: 0 from 0)
